<?xml version="1.0" encoding="UTF-8"?>
<!-- Generated by org.testng.reporters.JUnitXMLReporter -->
<testsuite ignored="0" hostname="RMM-PN-LT-365" failures="0" tests="5" name="Default test" time="4.898" errors="0" timestamp="22 Aug 2020 20:01:57 GMT">
  <testcase classname="getRequest.website" name="test1" time="1.716"/>
  <testcase classname="getRequest.website" name="test2" time="0.534"/>
  <testcase classname="getRequest.website" name="test3" time="0.522"/>
  <testcase classname="getRequest.website" name="test4" time="1.054"/>
  <testcase classname="getRequest.website" name="test5" time="1.032"/>
</testsuite> <!-- Default test -->
