<?xml version="1.0" encoding="UTF-8"?>
<testng-results ignored="0" total="5" passed="5" failed="0" skipped="0">
  <reporter-output>
  </reporter-output>
  <suite started-at="2020-08-22T20:01:52Z" name="Default suite" finished-at="2020-08-22T20:01:57Z" duration-ms="4898">
    <groups>
    </groups>
    <test started-at="2020-08-22T20:01:52Z" name="Default test" finished-at="2020-08-22T20:01:57Z" duration-ms="4898">
      <class name="getRequest.website">
        <test-method signature="test1()[pri:0, instance:getRequest.website@7a52f2a2]" started-at="2020-08-22T20:01:52Z" name="test1" finished-at="2020-08-22T20:01:54Z" duration-ms="1716" status="PASS">
          <reporter-output>
          </reporter-output>
        </test-method> <!-- test1 -->
        <test-method signature="test2()[pri:0, instance:getRequest.website@7a52f2a2]" started-at="2020-08-22T20:01:54Z" name="test2" finished-at="2020-08-22T20:01:54Z" duration-ms="534" status="PASS">
          <reporter-output>
          </reporter-output>
        </test-method> <!-- test2 -->
        <test-method signature="test3()[pri:0, instance:getRequest.website@7a52f2a2]" started-at="2020-08-22T20:01:54Z" name="test3" finished-at="2020-08-22T20:01:55Z" duration-ms="522" status="PASS">
          <reporter-output>
          </reporter-output>
        </test-method> <!-- test3 -->
        <test-method signature="test4()[pri:0, instance:getRequest.website@7a52f2a2]" started-at="2020-08-22T20:01:55Z" name="test4" finished-at="2020-08-22T20:01:56Z" duration-ms="1054" status="PASS">
          <reporter-output>
          </reporter-output>
        </test-method> <!-- test4 -->
        <test-method signature="test5()[pri:0, instance:getRequest.website@7a52f2a2]" started-at="2020-08-22T20:01:56Z" name="test5" finished-at="2020-08-22T20:01:57Z" duration-ms="1032" status="PASS">
          <reporter-output>
          </reporter-output>
        </test-method> <!-- test5 -->
      </class> <!-- getRequest.website -->
    </test> <!-- Default test -->
  </suite> <!-- Default suite -->
</testng-results>
